<?xml version="1.0" encoding="UTF-8"?>
<testsuite xmlns:xsi="http://www.w3.org/2001/XMLSchema-instance" xsi:noNamespaceSchemaLocation="https://maven.apache.org/surefire/maven-surefire-plugin/xsd/surefire-test-report.xsd" name="com.ruozedata.hadoop.utils.TestLogUtils" time="0.016" tests="1" errors="0" skipped="0" failures="0">
  <properties>
    <property name="sun.desktop" value="windows"/>
    <property name="awt.toolkit" value="sun.awt.windows.WToolkit"/>
    <property name="file.encoding.pkg" value="sun.io"/>
    <property name="java.specification.version" value="1.8"/>
    <property name="sun.cpu.isalist" value="amd64"/>
    <property name="sun.jnu.encoding" value="GBK"/>
    <property name="java.class.path" value="D:\LegainProject\g6-train-hadoop\g6-train-hadoop\target\test-classes;D:\LegainProject\g6-train-hadoop\g6-train-hadoop\target\classes;D:\maven\repo\org\apache\hadoop\hadoop-client\2.6.0-cdh5.7.0\hadoop-client-2.6.0-cdh5.7.0.jar;D:\maven\repo\org\apache\hadoop\hadoop-common\2.6.0-cdh5.7.0\hadoop-common-2.6.0-cdh5.7.0.jar;D:\maven\repo\com\google\guava\guava\11.0.2\guava-11.0.2.jar;D:\maven\repo\commons-cli\commons-cli\1.2\commons-cli-1.2.jar;D:\maven\repo\org\apache\commons\commons-math3\3.1.1\commons-math3-3.1.1.jar;D:\maven\repo\xmlenc\xmlenc\0.52\xmlenc-0.52.jar;D:\maven\repo\commons-net\commons-net\3.1\commons-net-3.1.jar;D:\maven\repo\commons-collections\commons-collections\3.2.2\commons-collections-3.2.2.jar;D:\maven\repo\commons-lang\commons-lang\2.6\commons-lang-2.6.jar;D:\maven\repo\commons-configuration\commons-configuration\1.6\commons-configuration-1.6.jar;D:\maven\repo\commons-digester\commons-digester\1.8\commons-digester-1.8.jar;D:\maven\repo\commons-beanutils\commons-beanutils\1.7.0\commons-beanutils-1.7.0.jar;D:\maven\repo\commons-beanutils\commons-beanutils-core\1.8.0\commons-beanutils-core-1.8.0.jar;D:\maven\repo\org\codehaus\jackson\jackson-core-asl\1.8.8\jackson-core-asl-1.8.8.jar;D:\maven\repo\org\codehaus\jackson\jackson-mapper-asl\1.8.8\jackson-mapper-asl-1.8.8.jar;D:\maven\repo\org\apache\avro\avro\1.7.6-cdh5.7.0\avro-1.7.6-cdh5.7.0.jar;D:\maven\repo\com\thoughtworks\paranamer\paranamer\2.3\paranamer-2.3.jar;D:\maven\repo\org\xerial\snappy\snappy-java\1.0.4.1\snappy-java-1.0.4.1.jar;D:\maven\repo\com\google\protobuf\protobuf-java\2.5.0\protobuf-java-2.5.0.jar;D:\maven\repo\org\apache\hadoop\hadoop-auth\2.6.0-cdh5.7.0\hadoop-auth-2.6.0-cdh5.7.0.jar;D:\maven\repo\org\apache\httpcomponents\httpclient\4.2.5\httpclient-4.2.5.jar;D:\maven\repo\org\apache\directory\server\apacheds-kerberos-codec\2.0.0-M15\apacheds-kerberos-codec-2.0.0-M15.jar;D:\maven\repo\org\apache\directory\server\apacheds-i18n\2.0.0-M15\apacheds-i18n-2.0.0-M15.jar;D:\maven\repo\org\apache\directory\api\api-asn1-api\1.0.0-M20\api-asn1-api-1.0.0-M20.jar;D:\maven\repo\org\apache\directory\api\api-util\1.0.0-M20\api-util-1.0.0-M20.jar;D:\maven\repo\org\apache\curator\curator-client\2.7.1\curator-client-2.7.1.jar;D:\maven\repo\org\apache\curator\curator-recipes\2.7.1\curator-recipes-2.7.1.jar;D:\maven\repo\com\google\code\findbugs\jsr305\3.0.0\jsr305-3.0.0.jar;D:\maven\repo\org\apache\htrace\htrace-core4\4.0.1-incubating\htrace-core4-4.0.1-incubating.jar;D:\maven\repo\org\apache\hadoop\hadoop-hdfs\2.6.0-cdh5.7.0\hadoop-hdfs-2.6.0-cdh5.7.0.jar;D:\maven\repo\org\mortbay\jetty\jetty-util\6.1.26.cloudera.4\jetty-util-6.1.26.cloudera.4.jar;D:\maven\repo\io\netty\netty\3.6.2.Final\netty-3.6.2.Final.jar;D:\maven\repo\io\netty\netty-all\4.0.23.Final\netty-all-4.0.23.Final.jar;D:\maven\repo\xerces\xercesImpl\2.9.1\xercesImpl-2.9.1.jar;D:\maven\repo\xml-apis\xml-apis\1.3.04\xml-apis-1.3.04.jar;D:\maven\repo\org\fusesource\leveldbjni\leveldbjni-all\1.8\leveldbjni-all-1.8.jar;D:\maven\repo\org\apache\hadoop\hadoop-mapreduce-client-app\2.6.0-cdh5.7.0\hadoop-mapreduce-client-app-2.6.0-cdh5.7.0.jar;D:\maven\repo\org\apache\hadoop\hadoop-mapreduce-client-common\2.6.0-cdh5.7.0\hadoop-mapreduce-client-common-2.6.0-cdh5.7.0.jar;D:\maven\repo\org\apache\hadoop\hadoop-yarn-client\2.6.0-cdh5.7.0\hadoop-yarn-client-2.6.0-cdh5.7.0.jar;D:\maven\repo\org\apache\hadoop\hadoop-yarn-server-common\2.6.0-cdh5.7.0\hadoop-yarn-server-common-2.6.0-cdh5.7.0.jar;D:\maven\repo\org\apache\hadoop\hadoop-mapreduce-client-shuffle\2.6.0-cdh5.7.0\hadoop-mapreduce-client-shuffle-2.6.0-cdh5.7.0.jar;D:\maven\repo\org\apache\hadoop\hadoop-yarn-api\2.6.0-cdh5.7.0\hadoop-yarn-api-2.6.0-cdh5.7.0.jar;D:\maven\repo\org\apache\hadoop\hadoop-mapreduce-client-core\2.6.0-cdh5.7.0\hadoop-mapreduce-client-core-2.6.0-cdh5.7.0.jar;D:\maven\repo\org\apache\hadoop\hadoop-yarn-common\2.6.0-cdh5.7.0\hadoop-yarn-common-2.6.0-cdh5.7.0.jar;D:\maven\repo\javax\xml\bind\jaxb-api\2.2.2\jaxb-api-2.2.2.jar;D:\maven\repo\javax\xml\stream\stax-api\1.0-2\stax-api-1.0-2.jar;D:\maven\repo\javax\activation\activation\1.1\activation-1.1.jar;D:\maven\repo\javax\servlet\servlet-api\2.5\servlet-api-2.5.jar;D:\maven\repo\com\sun\jersey\jersey-core\1.9\jersey-core-1.9.jar;D:\maven\repo\com\sun\jersey\jersey-client\1.9\jersey-client-1.9.jar;D:\maven\repo\org\apache\hadoop\hadoop-mapreduce-client-jobclient\2.6.0-cdh5.7.0\hadoop-mapreduce-client-jobclient-2.6.0-cdh5.7.0.jar;D:\maven\repo\org\apache\hadoop\hadoop-aws\2.6.0-cdh5.7.0\hadoop-aws-2.6.0-cdh5.7.0.jar;D:\maven\repo\com\fasterxml\jackson\core\jackson-databind\2.2.3\jackson-databind-2.2.3.jar;D:\maven\repo\com\fasterxml\jackson\core\jackson-core\2.2.3\jackson-core-2.2.3.jar;D:\maven\repo\com\fasterxml\jackson\core\jackson-annotations\2.2.3\jackson-annotations-2.2.3.jar;D:\maven\repo\com\amazonaws\aws-java-sdk-s3\1.10.6\aws-java-sdk-s3-1.10.6.jar;D:\maven\repo\com\amazonaws\aws-java-sdk-kms\1.10.6\aws-java-sdk-kms-1.10.6.jar;D:\maven\repo\com\amazonaws\aws-java-sdk-core\1.10.6\aws-java-sdk-core-1.10.6.jar;D:\maven\repo\org\apache\hadoop\hadoop-annotations\2.6.0-cdh5.7.0\hadoop-annotations-2.6.0-cdh5.7.0.jar;D:\maven\repo\org\apache\hive\hive-exec\1.1.0-cdh5.7.0\hive-exec-1.1.0-cdh5.7.0.jar;D:\maven\repo\org\apache\hive\hive-ant\1.1.0-cdh5.7.0\hive-ant-1.1.0-cdh5.7.0.jar;D:\maven\repo\org\apache\velocity\velocity\1.5\velocity-1.5.jar;D:\maven\repo\oro\oro\2.0.8\oro-2.0.8.jar;D:\maven\repo\org\apache\hive\hive-metastore\1.1.0-cdh5.7.0\hive-metastore-1.1.0-cdh5.7.0.jar;D:\maven\repo\org\apache\hive\hive-serde\1.1.0-cdh5.7.0\hive-serde-1.1.0-cdh5.7.0.jar;D:\maven\repo\org\apache\hive\hive-common\1.1.0-cdh5.7.0\hive-common-1.1.0-cdh5.7.0.jar;D:\maven\repo\org\eclipse\jetty\aggregate\jetty-all\7.6.0.v20120127\jetty-all-7.6.0.v20120127.jar;D:\maven\repo\org\apache\geronimo\specs\geronimo-jta_1.1_spec\1.1.1\geronimo-jta_1.1_spec-1.1.1.jar;D:\maven\repo\javax\mail\mail\1.4.1\mail-1.4.1.jar;D:\maven\repo\org\apache\geronimo\specs\geronimo-jaspic_1.0_spec\1.0\geronimo-jaspic_1.0_spec-1.0.jar;D:\maven\repo\org\apache\geronimo\specs\geronimo-annotation_1.0_spec\1.1.1\geronimo-annotation_1.0_spec-1.1.1.jar;D:\maven\repo\asm\asm-commons\3.1\asm-commons-3.1.jar;D:\maven\repo\asm\asm-tree\3.1\asm-tree-3.1.jar;D:\maven\repo\joda-time\joda-time\2.5\joda-time-2.5.jar;D:\maven\repo\com\codahale\metrics\metrics-core\3.0.2\metrics-core-3.0.2.jar;D:\maven\repo\com\codahale\metrics\metrics-jvm\3.0.2\metrics-jvm-3.0.2.jar;D:\maven\repo\com\codahale\metrics\metrics-json\3.0.2\metrics-json-3.0.2.jar;D:\maven\repo\net\sf\opencsv\opencsv\2.3\opencsv-2.3.jar;D:\maven\repo\com\twitter\parquet-hadoop-bundle\1.5.0-cdh5.7.0\parquet-hadoop-bundle-1.5.0-cdh5.7.0.jar;D:\maven\repo\com\sun\jersey\jersey-servlet\1.14\jersey-servlet-1.14.jar;D:\maven\repo\com\sun\jersey\jersey-server\1.14\jersey-server-1.14.jar;D:\maven\repo\asm\asm\3.1\asm-3.1.jar;D:\maven\repo\com\jolbox\bonecp\0.8.0.RELEASE\bonecp-0.8.0.RELEASE.jar;D:\maven\repo\org\apache\derby\derby\10.11.1.1\derby-10.11.1.1.jar;D:\maven\repo\org\datanucleus\datanucleus-api-jdo\3.2.6\datanucleus-api-jdo-3.2.6.jar;D:\maven\repo\org\datanucleus\datanucleus-rdbms\3.2.9\datanucleus-rdbms-3.2.9.jar;D:\maven\repo\commons-pool\commons-pool\1.5.4\commons-pool-1.5.4.jar;D:\maven\repo\commons-dbcp\commons-dbcp\1.4\commons-dbcp-1.4.jar;D:\maven\repo\javax\jdo\jdo-api\3.0.1\jdo-api-3.0.1.jar;D:\maven\repo\javax\transaction\jta\1.1\jta-1.1.jar;D:\maven\repo\org\apache\thrift\libthrift\0.9.2\libthrift-0.9.2.jar;D:\maven\repo\org\apache\httpcomponents\httpcore\4.2.4\httpcore-4.2.4.jar;D:\maven\repo\org\apache\hive\hive-shims\1.1.0-cdh5.7.0\hive-shims-1.1.0-cdh5.7.0.jar;D:\maven\repo\org\apache\hive\shims\hive-shims-common\1.1.0-cdh5.7.0\hive-shims-common-1.1.0-cdh5.7.0.jar;D:\maven\repo\org\apache\hive\shims\hive-shims-0.23\1.1.0-cdh5.7.0\hive-shims-0.23-1.1.0-cdh5.7.0.jar;D:\maven\repo\org\apache\hadoop\hadoop-yarn-server-resourcemanager\2.6.0-cdh5.7.0\hadoop-yarn-server-resourcemanager-2.6.0-cdh5.7.0.jar;D:\maven\repo\com\google\inject\extensions\guice-servlet\3.0\guice-servlet-3.0.jar;D:\maven\repo\com\google\inject\guice\3.0\guice-3.0.jar;D:\maven\repo\javax\inject\javax.inject\1\javax.inject-1.jar;D:\maven\repo\aopalliance\aopalliance\1.0\aopalliance-1.0.jar;D:\maven\repo\com\sun\jersey\jersey-json\1.9\jersey-json-1.9.jar;D:\maven\repo\com\sun\xml\bind\jaxb-impl\2.2.3-1\jaxb-impl-2.2.3-1.jar;D:\maven\repo\com\sun\jersey\contribs\jersey-guice\1.9\jersey-guice-1.9.jar;D:\maven\repo\org\codehaus\jettison\jettison\1.1\jettison-1.1.jar;D:\maven\repo\org\apache\hadoop\hadoop-yarn-server-applicationhistoryservice\2.6.0-cdh5.7.0\hadoop-yarn-server-applicationhistoryservice-2.6.0-cdh5.7.0.jar;D:\maven\repo\org\apache\hadoop\hadoop-yarn-server-web-proxy\2.6.0-cdh5.7.0\hadoop-yarn-server-web-proxy-2.6.0-cdh5.7.0.jar;D:\maven\repo\org\mortbay\jetty\jetty\6.1.26.cloudera.4\jetty-6.1.26.cloudera.4.jar;D:\maven\repo\org\apache\hive\shims\hive-shims-scheduler\1.1.0-cdh5.7.0\hive-shims-scheduler-1.1.0-cdh5.7.0.jar;D:\maven\repo\commons-codec\commons-codec\1.4\commons-codec-1.4.jar;D:\maven\repo\commons-httpclient\commons-httpclient\3.0.1\commons-httpclient-3.0.1.jar;D:\maven\repo\commons-io\commons-io\2.4\commons-io-2.4.jar;D:\maven\repo\org\cloudera\logredactor\logredactor\1.0.3\logredactor-1.0.3.jar;D:\maven\repo\org\codehaus\jackson\jackson-jaxrs\1.8.8\jackson-jaxrs-1.8.8.jar;D:\maven\repo\org\codehaus\jackson\jackson-xc\1.8.8\jackson-xc-1.8.8.jar;D:\maven\repo\commons-logging\commons-logging\1.1.3\commons-logging-1.1.3.jar;D:\maven\repo\log4j\log4j\1.2.16\log4j-1.2.16.jar;D:\maven\repo\log4j\apache-log4j-extras\1.2.17\apache-log4j-extras-1.2.17.jar;D:\maven\repo\org\antlr\antlr-runtime\3.4\antlr-runtime-3.4.jar;D:\maven\repo\org\antlr\stringtemplate\3.2.1\stringtemplate-3.2.1.jar;D:\maven\repo\antlr\antlr\2.7.7\antlr-2.7.7.jar;D:\maven\repo\org\antlr\ST4\4.0.4\ST4-4.0.4.jar;D:\maven\repo\org\apache\ant\ant\1.9.1\ant-1.9.1.jar;D:\maven\repo\org\apache\ant\ant-launcher\1.9.1\ant-launcher-1.9.1.jar;D:\maven\repo\org\apache\commons\commons-compress\1.4.1\commons-compress-1.4.1.jar;D:\maven\repo\org\tukaani\xz\1.0\xz-1.0.jar;D:\maven\repo\org\apache\thrift\libfb303\0.9.2\libfb303-0.9.2.jar;D:\maven\repo\org\apache\zookeeper\zookeeper\3.4.5-cdh5.7.0\zookeeper-3.4.5-cdh5.7.0.jar;D:\maven\repo\org\apache\curator\curator-framework\2.6.0\curator-framework-2.6.0.jar;D:\maven\repo\org\codehaus\groovy\groovy-all\2.4.4\groovy-all-2.4.4.jar;D:\maven\repo\org\datanucleus\datanucleus-core\3.2.10\datanucleus-core-3.2.10.jar;D:\maven\repo\org\apache\calcite\calcite-core\1.0.0-incubating\calcite-core-1.0.0-incubating.jar;D:\maven\repo\org\apache\calcite\calcite-linq4j\1.0.0-incubating\calcite-linq4j-1.0.0-incubating.jar;D:\maven\repo\org\pentaho\pentaho-aggdesigner-algorithm\5.1.5-jhyde\pentaho-aggdesigner-algorithm-5.1.5-jhyde.jar;D:\maven\repo\eigenbase\eigenbase-properties\1.1.4\eigenbase-properties-1.1.4.jar;D:\maven\repo\org\codehaus\janino\janino\2.7.6\janino-2.7.6.jar;D:\maven\repo\org\codehaus\janino\commons-compiler\2.7.6\commons-compiler-2.7.6.jar;D:\maven\repo\org\apache\calcite\calcite-avatica\1.0.0-incubating\calcite-avatica-1.0.0-incubating.jar;D:\maven\repo\com\google\code\gson\gson\2.2.4\gson-2.2.4.jar;D:\maven\repo\stax\stax-api\1.0.1\stax-api-1.0.1.jar;D:\maven\repo\jline\jline\2.12\jline-2.12.jar;D:\maven\repo\org\apache\hbase\hbase-common\1.2.0-cdh5.7.0\hbase-common-1.2.0-cdh5.7.0.jar;D:\maven\repo\org\apache\hbase\hbase-protocol\1.2.0-cdh5.7.0\hbase-protocol-1.2.0-cdh5.7.0.jar;D:\maven\repo\org\apache\hbase\hbase-annotations\1.2.0-cdh5.7.0\hbase-annotations-1.2.0-cdh5.7.0.jar;D:\maven\repo\org\apache\htrace\htrace-core\3.2.0-incubating\htrace-core-3.2.0-incubating.jar;D:\maven\repo\com\github\stephenc\findbugs\findbugs-annotations\1.3.9-1\findbugs-annotations-1.3.9-1.jar;D:\maven\repo\org\slf4j\slf4j-api\1.7.5\slf4j-api-1.7.5.jar;D:\maven\repo\org\slf4j\slf4j-log4j12\1.7.5\slf4j-log4j12-1.7.5.jar;D:\maven\repo\junit\junit\4.11\junit-4.11.jar;D:\maven\repo\org\hamcrest\hamcrest-core\1.3\hamcrest-core-1.3.jar;"/>
    <property name="java.vm.vendor" value="Oracle Corporation"/>
    <property name="sun.arch.data.model" value="64"/>
    <property name="user.variant" value=""/>
    <property name="java.vendor.url" value="http://java.oracle.com/"/>
    <property name="user.timezone" value="Asia/Shanghai"/>
    <property name="java.vm.specification.version" value="1.8"/>
    <property name="os.name" value="Windows 10"/>
    <property name="user.country" value="CN"/>
    <property name="sun.java.launcher" value="SUN_STANDARD"/>
    <property name="sun.boot.library.path" value="D:\Java\jdk1.8.0_151\jre\bin"/>
    <property name="sun.java.command" value="C:\Users\DELL\AppData\Local\Temp\surefire112042068445746497\surefirebooter8831577450810476239.jar C:\Users\DELL\AppData\Local\Temp\surefire112042068445746497 2019-04-15T15-38-43_469-jvmRun1 surefire2138351032381184115tmp surefire_04402918458812338508tmp"/>
    <property name="surefire.test.class.path" value="D:\LegainProject\g6-train-hadoop\g6-train-hadoop\target\test-classes;D:\LegainProject\g6-train-hadoop\g6-train-hadoop\target\classes;D:\maven\repo\org\apache\hadoop\hadoop-client\2.6.0-cdh5.7.0\hadoop-client-2.6.0-cdh5.7.0.jar;D:\maven\repo\org\apache\hadoop\hadoop-common\2.6.0-cdh5.7.0\hadoop-common-2.6.0-cdh5.7.0.jar;D:\maven\repo\com\google\guava\guava\11.0.2\guava-11.0.2.jar;D:\maven\repo\commons-cli\commons-cli\1.2\commons-cli-1.2.jar;D:\maven\repo\org\apache\commons\commons-math3\3.1.1\commons-math3-3.1.1.jar;D:\maven\repo\xmlenc\xmlenc\0.52\xmlenc-0.52.jar;D:\maven\repo\commons-net\commons-net\3.1\commons-net-3.1.jar;D:\maven\repo\commons-collections\commons-collections\3.2.2\commons-collections-3.2.2.jar;D:\maven\repo\commons-lang\commons-lang\2.6\commons-lang-2.6.jar;D:\maven\repo\commons-configuration\commons-configuration\1.6\commons-configuration-1.6.jar;D:\maven\repo\commons-digester\commons-digester\1.8\commons-digester-1.8.jar;D:\maven\repo\commons-beanutils\commons-beanutils\1.7.0\commons-beanutils-1.7.0.jar;D:\maven\repo\commons-beanutils\commons-beanutils-core\1.8.0\commons-beanutils-core-1.8.0.jar;D:\maven\repo\org\codehaus\jackson\jackson-core-asl\1.8.8\jackson-core-asl-1.8.8.jar;D:\maven\repo\org\codehaus\jackson\jackson-mapper-asl\1.8.8\jackson-mapper-asl-1.8.8.jar;D:\maven\repo\org\apache\avro\avro\1.7.6-cdh5.7.0\avro-1.7.6-cdh5.7.0.jar;D:\maven\repo\com\thoughtworks\paranamer\paranamer\2.3\paranamer-2.3.jar;D:\maven\repo\org\xerial\snappy\snappy-java\1.0.4.1\snappy-java-1.0.4.1.jar;D:\maven\repo\com\google\protobuf\protobuf-java\2.5.0\protobuf-java-2.5.0.jar;D:\maven\repo\org\apache\hadoop\hadoop-auth\2.6.0-cdh5.7.0\hadoop-auth-2.6.0-cdh5.7.0.jar;D:\maven\repo\org\apache\httpcomponents\httpclient\4.2.5\httpclient-4.2.5.jar;D:\maven\repo\org\apache\directory\server\apacheds-kerberos-codec\2.0.0-M15\apacheds-kerberos-codec-2.0.0-M15.jar;D:\maven\repo\org\apache\directory\server\apacheds-i18n\2.0.0-M15\apacheds-i18n-2.0.0-M15.jar;D:\maven\repo\org\apache\directory\api\api-asn1-api\1.0.0-M20\api-asn1-api-1.0.0-M20.jar;D:\maven\repo\org\apache\directory\api\api-util\1.0.0-M20\api-util-1.0.0-M20.jar;D:\maven\repo\org\apache\curator\curator-client\2.7.1\curator-client-2.7.1.jar;D:\maven\repo\org\apache\curator\curator-recipes\2.7.1\curator-recipes-2.7.1.jar;D:\maven\repo\com\google\code\findbugs\jsr305\3.0.0\jsr305-3.0.0.jar;D:\maven\repo\org\apache\htrace\htrace-core4\4.0.1-incubating\htrace-core4-4.0.1-incubating.jar;D:\maven\repo\org\apache\hadoop\hadoop-hdfs\2.6.0-cdh5.7.0\hadoop-hdfs-2.6.0-cdh5.7.0.jar;D:\maven\repo\org\mortbay\jetty\jetty-util\6.1.26.cloudera.4\jetty-util-6.1.26.cloudera.4.jar;D:\maven\repo\io\netty\netty\3.6.2.Final\netty-3.6.2.Final.jar;D:\maven\repo\io\netty\netty-all\4.0.23.Final\netty-all-4.0.23.Final.jar;D:\maven\repo\xerces\xercesImpl\2.9.1\xercesImpl-2.9.1.jar;D:\maven\repo\xml-apis\xml-apis\1.3.04\xml-apis-1.3.04.jar;D:\maven\repo\org\fusesource\leveldbjni\leveldbjni-all\1.8\leveldbjni-all-1.8.jar;D:\maven\repo\org\apache\hadoop\hadoop-mapreduce-client-app\2.6.0-cdh5.7.0\hadoop-mapreduce-client-app-2.6.0-cdh5.7.0.jar;D:\maven\repo\org\apache\hadoop\hadoop-mapreduce-client-common\2.6.0-cdh5.7.0\hadoop-mapreduce-client-common-2.6.0-cdh5.7.0.jar;D:\maven\repo\org\apache\hadoop\hadoop-yarn-client\2.6.0-cdh5.7.0\hadoop-yarn-client-2.6.0-cdh5.7.0.jar;D:\maven\repo\org\apache\hadoop\hadoop-yarn-server-common\2.6.0-cdh5.7.0\hadoop-yarn-server-common-2.6.0-cdh5.7.0.jar;D:\maven\repo\org\apache\hadoop\hadoop-mapreduce-client-shuffle\2.6.0-cdh5.7.0\hadoop-mapreduce-client-shuffle-2.6.0-cdh5.7.0.jar;D:\maven\repo\org\apache\hadoop\hadoop-yarn-api\2.6.0-cdh5.7.0\hadoop-yarn-api-2.6.0-cdh5.7.0.jar;D:\maven\repo\org\apache\hadoop\hadoop-mapreduce-client-core\2.6.0-cdh5.7.0\hadoop-mapreduce-client-core-2.6.0-cdh5.7.0.jar;D:\maven\repo\org\apache\hadoop\hadoop-yarn-common\2.6.0-cdh5.7.0\hadoop-yarn-common-2.6.0-cdh5.7.0.jar;D:\maven\repo\javax\xml\bind\jaxb-api\2.2.2\jaxb-api-2.2.2.jar;D:\maven\repo\javax\xml\stream\stax-api\1.0-2\stax-api-1.0-2.jar;D:\maven\repo\javax\activation\activation\1.1\activation-1.1.jar;D:\maven\repo\javax\servlet\servlet-api\2.5\servlet-api-2.5.jar;D:\maven\repo\com\sun\jersey\jersey-core\1.9\jersey-core-1.9.jar;D:\maven\repo\com\sun\jersey\jersey-client\1.9\jersey-client-1.9.jar;D:\maven\repo\org\apache\hadoop\hadoop-mapreduce-client-jobclient\2.6.0-cdh5.7.0\hadoop-mapreduce-client-jobclient-2.6.0-cdh5.7.0.jar;D:\maven\repo\org\apache\hadoop\hadoop-aws\2.6.0-cdh5.7.0\hadoop-aws-2.6.0-cdh5.7.0.jar;D:\maven\repo\com\fasterxml\jackson\core\jackson-databind\2.2.3\jackson-databind-2.2.3.jar;D:\maven\repo\com\fasterxml\jackson\core\jackson-core\2.2.3\jackson-core-2.2.3.jar;D:\maven\repo\com\fasterxml\jackson\core\jackson-annotations\2.2.3\jackson-annotations-2.2.3.jar;D:\maven\repo\com\amazonaws\aws-java-sdk-s3\1.10.6\aws-java-sdk-s3-1.10.6.jar;D:\maven\repo\com\amazonaws\aws-java-sdk-kms\1.10.6\aws-java-sdk-kms-1.10.6.jar;D:\maven\repo\com\amazonaws\aws-java-sdk-core\1.10.6\aws-java-sdk-core-1.10.6.jar;D:\maven\repo\org\apache\hadoop\hadoop-annotations\2.6.0-cdh5.7.0\hadoop-annotations-2.6.0-cdh5.7.0.jar;D:\maven\repo\org\apache\hive\hive-exec\1.1.0-cdh5.7.0\hive-exec-1.1.0-cdh5.7.0.jar;D:\maven\repo\org\apache\hive\hive-ant\1.1.0-cdh5.7.0\hive-ant-1.1.0-cdh5.7.0.jar;D:\maven\repo\org\apache\velocity\velocity\1.5\velocity-1.5.jar;D:\maven\repo\oro\oro\2.0.8\oro-2.0.8.jar;D:\maven\repo\org\apache\hive\hive-metastore\1.1.0-cdh5.7.0\hive-metastore-1.1.0-cdh5.7.0.jar;D:\maven\repo\org\apache\hive\hive-serde\1.1.0-cdh5.7.0\hive-serde-1.1.0-cdh5.7.0.jar;D:\maven\repo\org\apache\hive\hive-common\1.1.0-cdh5.7.0\hive-common-1.1.0-cdh5.7.0.jar;D:\maven\repo\org\eclipse\jetty\aggregate\jetty-all\7.6.0.v20120127\jetty-all-7.6.0.v20120127.jar;D:\maven\repo\org\apache\geronimo\specs\geronimo-jta_1.1_spec\1.1.1\geronimo-jta_1.1_spec-1.1.1.jar;D:\maven\repo\javax\mail\mail\1.4.1\mail-1.4.1.jar;D:\maven\repo\org\apache\geronimo\specs\geronimo-jaspic_1.0_spec\1.0\geronimo-jaspic_1.0_spec-1.0.jar;D:\maven\repo\org\apache\geronimo\specs\geronimo-annotation_1.0_spec\1.1.1\geronimo-annotation_1.0_spec-1.1.1.jar;D:\maven\repo\asm\asm-commons\3.1\asm-commons-3.1.jar;D:\maven\repo\asm\asm-tree\3.1\asm-tree-3.1.jar;D:\maven\repo\joda-time\joda-time\2.5\joda-time-2.5.jar;D:\maven\repo\com\codahale\metrics\metrics-core\3.0.2\metrics-core-3.0.2.jar;D:\maven\repo\com\codahale\metrics\metrics-jvm\3.0.2\metrics-jvm-3.0.2.jar;D:\maven\repo\com\codahale\metrics\metrics-json\3.0.2\metrics-json-3.0.2.jar;D:\maven\repo\net\sf\opencsv\opencsv\2.3\opencsv-2.3.jar;D:\maven\repo\com\twitter\parquet-hadoop-bundle\1.5.0-cdh5.7.0\parquet-hadoop-bundle-1.5.0-cdh5.7.0.jar;D:\maven\repo\com\sun\jersey\jersey-servlet\1.14\jersey-servlet-1.14.jar;D:\maven\repo\com\sun\jersey\jersey-server\1.14\jersey-server-1.14.jar;D:\maven\repo\asm\asm\3.1\asm-3.1.jar;D:\maven\repo\com\jolbox\bonecp\0.8.0.RELEASE\bonecp-0.8.0.RELEASE.jar;D:\maven\repo\org\apache\derby\derby\10.11.1.1\derby-10.11.1.1.jar;D:\maven\repo\org\datanucleus\datanucleus-api-jdo\3.2.6\datanucleus-api-jdo-3.2.6.jar;D:\maven\repo\org\datanucleus\datanucleus-rdbms\3.2.9\datanucleus-rdbms-3.2.9.jar;D:\maven\repo\commons-pool\commons-pool\1.5.4\commons-pool-1.5.4.jar;D:\maven\repo\commons-dbcp\commons-dbcp\1.4\commons-dbcp-1.4.jar;D:\maven\repo\javax\jdo\jdo-api\3.0.1\jdo-api-3.0.1.jar;D:\maven\repo\javax\transaction\jta\1.1\jta-1.1.jar;D:\maven\repo\org\apache\thrift\libthrift\0.9.2\libthrift-0.9.2.jar;D:\maven\repo\org\apache\httpcomponents\httpcore\4.2.4\httpcore-4.2.4.jar;D:\maven\repo\org\apache\hive\hive-shims\1.1.0-cdh5.7.0\hive-shims-1.1.0-cdh5.7.0.jar;D:\maven\repo\org\apache\hive\shims\hive-shims-common\1.1.0-cdh5.7.0\hive-shims-common-1.1.0-cdh5.7.0.jar;D:\maven\repo\org\apache\hive\shims\hive-shims-0.23\1.1.0-cdh5.7.0\hive-shims-0.23-1.1.0-cdh5.7.0.jar;D:\maven\repo\org\apache\hadoop\hadoop-yarn-server-resourcemanager\2.6.0-cdh5.7.0\hadoop-yarn-server-resourcemanager-2.6.0-cdh5.7.0.jar;D:\maven\repo\com\google\inject\extensions\guice-servlet\3.0\guice-servlet-3.0.jar;D:\maven\repo\com\google\inject\guice\3.0\guice-3.0.jar;D:\maven\repo\javax\inject\javax.inject\1\javax.inject-1.jar;D:\maven\repo\aopalliance\aopalliance\1.0\aopalliance-1.0.jar;D:\maven\repo\com\sun\jersey\jersey-json\1.9\jersey-json-1.9.jar;D:\maven\repo\com\sun\xml\bind\jaxb-impl\2.2.3-1\jaxb-impl-2.2.3-1.jar;D:\maven\repo\com\sun\jersey\contribs\jersey-guice\1.9\jersey-guice-1.9.jar;D:\maven\repo\org\codehaus\jettison\jettison\1.1\jettison-1.1.jar;D:\maven\repo\org\apache\hadoop\hadoop-yarn-server-applicationhistoryservice\2.6.0-cdh5.7.0\hadoop-yarn-server-applicationhistoryservice-2.6.0-cdh5.7.0.jar;D:\maven\repo\org\apache\hadoop\hadoop-yarn-server-web-proxy\2.6.0-cdh5.7.0\hadoop-yarn-server-web-proxy-2.6.0-cdh5.7.0.jar;D:\maven\repo\org\mortbay\jetty\jetty\6.1.26.cloudera.4\jetty-6.1.26.cloudera.4.jar;D:\maven\repo\org\apache\hive\shims\hive-shims-scheduler\1.1.0-cdh5.7.0\hive-shims-scheduler-1.1.0-cdh5.7.0.jar;D:\maven\repo\commons-codec\commons-codec\1.4\commons-codec-1.4.jar;D:\maven\repo\commons-httpclient\commons-httpclient\3.0.1\commons-httpclient-3.0.1.jar;D:\maven\repo\commons-io\commons-io\2.4\commons-io-2.4.jar;D:\maven\repo\org\cloudera\logredactor\logredactor\1.0.3\logredactor-1.0.3.jar;D:\maven\repo\org\codehaus\jackson\jackson-jaxrs\1.8.8\jackson-jaxrs-1.8.8.jar;D:\maven\repo\org\codehaus\jackson\jackson-xc\1.8.8\jackson-xc-1.8.8.jar;D:\maven\repo\commons-logging\commons-logging\1.1.3\commons-logging-1.1.3.jar;D:\maven\repo\log4j\log4j\1.2.16\log4j-1.2.16.jar;D:\maven\repo\log4j\apache-log4j-extras\1.2.17\apache-log4j-extras-1.2.17.jar;D:\maven\repo\org\antlr\antlr-runtime\3.4\antlr-runtime-3.4.jar;D:\maven\repo\org\antlr\stringtemplate\3.2.1\stringtemplate-3.2.1.jar;D:\maven\repo\antlr\antlr\2.7.7\antlr-2.7.7.jar;D:\maven\repo\org\antlr\ST4\4.0.4\ST4-4.0.4.jar;D:\maven\repo\org\apache\ant\ant\1.9.1\ant-1.9.1.jar;D:\maven\repo\org\apache\ant\ant-launcher\1.9.1\ant-launcher-1.9.1.jar;D:\maven\repo\org\apache\commons\commons-compress\1.4.1\commons-compress-1.4.1.jar;D:\maven\repo\org\tukaani\xz\1.0\xz-1.0.jar;D:\maven\repo\org\apache\thrift\libfb303\0.9.2\libfb303-0.9.2.jar;D:\maven\repo\org\apache\zookeeper\zookeeper\3.4.5-cdh5.7.0\zookeeper-3.4.5-cdh5.7.0.jar;D:\maven\repo\org\apache\curator\curator-framework\2.6.0\curator-framework-2.6.0.jar;D:\maven\repo\org\codehaus\groovy\groovy-all\2.4.4\groovy-all-2.4.4.jar;D:\maven\repo\org\datanucleus\datanucleus-core\3.2.10\datanucleus-core-3.2.10.jar;D:\maven\repo\org\apache\calcite\calcite-core\1.0.0-incubating\calcite-core-1.0.0-incubating.jar;D:\maven\repo\org\apache\calcite\calcite-linq4j\1.0.0-incubating\calcite-linq4j-1.0.0-incubating.jar;D:\maven\repo\org\pentaho\pentaho-aggdesigner-algorithm\5.1.5-jhyde\pentaho-aggdesigner-algorithm-5.1.5-jhyde.jar;D:\maven\repo\eigenbase\eigenbase-properties\1.1.4\eigenbase-properties-1.1.4.jar;D:\maven\repo\org\codehaus\janino\janino\2.7.6\janino-2.7.6.jar;D:\maven\repo\org\codehaus\janino\commons-compiler\2.7.6\commons-compiler-2.7.6.jar;D:\maven\repo\org\apache\calcite\calcite-avatica\1.0.0-incubating\calcite-avatica-1.0.0-incubating.jar;D:\maven\repo\com\google\code\gson\gson\2.2.4\gson-2.2.4.jar;D:\maven\repo\stax\stax-api\1.0.1\stax-api-1.0.1.jar;D:\maven\repo\jline\jline\2.12\jline-2.12.jar;D:\maven\repo\org\apache\hbase\hbase-common\1.2.0-cdh5.7.0\hbase-common-1.2.0-cdh5.7.0.jar;D:\maven\repo\org\apache\hbase\hbase-protocol\1.2.0-cdh5.7.0\hbase-protocol-1.2.0-cdh5.7.0.jar;D:\maven\repo\org\apache\hbase\hbase-annotations\1.2.0-cdh5.7.0\hbase-annotations-1.2.0-cdh5.7.0.jar;D:\maven\repo\org\apache\htrace\htrace-core\3.2.0-incubating\htrace-core-3.2.0-incubating.jar;D:\maven\repo\com\github\stephenc\findbugs\findbugs-annotations\1.3.9-1\findbugs-annotations-1.3.9-1.jar;D:\maven\repo\org\slf4j\slf4j-api\1.7.5\slf4j-api-1.7.5.jar;D:\maven\repo\org\slf4j\slf4j-log4j12\1.7.5\slf4j-log4j12-1.7.5.jar;D:\maven\repo\junit\junit\4.11\junit-4.11.jar;D:\maven\repo\org\hamcrest\hamcrest-core\1.3\hamcrest-core-1.3.jar;"/>
    <property name="sun.cpu.endian" value="little"/>
    <property name="user.home" value="C:\Users\DELL"/>
    <property name="user.language" value="zh"/>
    <property name="java.specification.vendor" value="Oracle Corporation"/>
    <property name="java.home" value="D:\Java\jdk1.8.0_151\jre"/>
    <property name="basedir" value="D:\LegainProject\g6-train-hadoop\g6-train-hadoop"/>
    <property name="file.separator" value="\"/>
    <property name="line.separator" value="&#10;"/>
    <property name="java.vm.specification.vendor" value="Oracle Corporation"/>
    <property name="java.specification.name" value="Java Platform API Specification"/>
    <property name="java.awt.graphicsenv" value="sun.awt.Win32GraphicsEnvironment"/>
    <property name="surefire.real.class.path" value="C:\Users\DELL\AppData\Local\Temp\surefire112042068445746497\surefirebooter8831577450810476239.jar"/>
    <property name="sun.boot.class.path" value="D:\Java\jdk1.8.0_151\jre\lib\resources.jar;D:\Java\jdk1.8.0_151\jre\lib\rt.jar;D:\Java\jdk1.8.0_151\jre\lib\sunrsasign.jar;D:\Java\jdk1.8.0_151\jre\lib\jsse.jar;D:\Java\jdk1.8.0_151\jre\lib\jce.jar;D:\Java\jdk1.8.0_151\jre\lib\charsets.jar;D:\Java\jdk1.8.0_151\jre\lib\jfr.jar;D:\Java\jdk1.8.0_151\jre\classes"/>
    <property name="user.script" value=""/>
    <property name="sun.management.compiler" value="HotSpot 64-Bit Tiered Compilers"/>
    <property name="java.runtime.version" value="1.8.0_151-b12"/>
    <property name="user.name" value="DELL"/>
    <property name="path.separator" value=";"/>
    <property name="os.version" value="10.0"/>
    <property name="java.endorsed.dirs" value="D:\Java\jdk1.8.0_151\jre\lib\endorsed"/>
    <property name="java.runtime.name" value="Java(TM) SE Runtime Environment"/>
    <property name="file.encoding" value="GBK"/>
    <property name="java.vm.name" value="Java HotSpot(TM) 64-Bit Server VM"/>
    <property name="localRepository" value="D:\maven\repo"/>
    <property name="java.vendor.url.bug" value="http://bugreport.sun.com/bugreport/"/>
    <property name="java.io.tmpdir" value="C:\Users\DELL\AppData\Local\Temp\"/>
    <property name="idea.version" value="2017.3.4"/>
    <property name="java.version" value="1.8.0_151"/>
    <property name="user.dir" value="D:\LegainProject\g6-train-hadoop\g6-train-hadoop"/>
    <property name="os.arch" value="amd64"/>
    <property name="java.vm.specification.name" value="Java Virtual Machine Specification"/>
    <property name="java.awt.printerjob" value="sun.awt.windows.WPrinterJob"/>
    <property name="sun.os.patch.level" value=""/>
    <property name="java.library.path" value="D:\Java\jdk1.8.0_151\jre\bin;C:\WINDOWS\Sun\Java\bin;C:\WINDOWS\system32;C:\WINDOWS;D:\Anaconda;D:\Anaconda\Library\mingw-w64\bin;D:\Anaconda\Library\usr\bin;D:\Anaconda\Library\bin;D:\Anaconda\Scripts;D:\Java\jdk1.8.0_151\bin;D:\scala-2.11.6\bin;D:\kafka\zookeeper-3.4.11\bin;D:\hadoopsoftware\hadoop-common-2.6.0\bin;D:\spark\spark-2.2.1\bin;D:\neo4j\bin;C:\ProgramData\Oracle\Java\javapath;C:\Program Files (x86)\Intel\iCLS Client\;C:\Program Files\Intel\iCLS Client\;C:\WINDOWS\system32;C:\WINDOWS;C:\WINDOWS\System32\Wbem;C:\WINDOWS\System32\WindowsPowerShell\v1.0\;C:\Program Files (x86)\Intel\Intel(R) Management Engine Components\DAL;C:\Program Files\Intel\Intel(R) Management Engine Components\DAL;C:\Program Files (x86)\Intel\Intel(R) Management Engine Components\IPT;C:\Program Files\Intel\Intel(R) Management Engine Components\IPT%;D:\maven\apache-maven-3.5.2\bin;C:\Users\DELL\AppData\Local\Programs\Python\Python36;D:\nodejs\;D:\TortoiseGit\bin;C:\Users\DELL\AppData\Local\Programs\Python\Python36\Scripts\;C:\Users\DELL\AppData\Local\Programs\Python\Python36\;C:\Users\DELL\AppData\Local\Microsoft\WindowsApps;C:\Users\DELL\AppData\Roaming\npm;."/>
    <property name="java.vm.info" value="mixed mode"/>
    <property name="java.vendor" value="Oracle Corporation"/>
    <property name="java.vm.version" value="25.151-b12"/>
    <property name="java.ext.dirs" value="D:\Java\jdk1.8.0_151\jre\lib\ext;C:\WINDOWS\Sun\Java\lib\ext"/>
    <property name="sun.io.unicode.encoding" value="UnicodeLittle"/>
    <property name="java.class.version" value="52.0"/>
  </properties>
  <testcase name="testLogParse" classname="com.ruozedata.hadoop.utils.TestLogUtils" time="0.004"/>
</testsuite>